This is pdfTeX, Version 3.141592653-2.6-1.40.22 (MiKTeX 21.3) (preloaded format=pdflatex 2021.3.27)  10 JUN 2021 09:56
entering extended mode
**./HFMDPCVRPTW.tex
(HFMDPCVRPTW.tex
LaTeX2e <2020-10-01> patch level 4
L3 programming layer <2021-02-18>
(C:\Users\57316\AppData\Local\Programs\MiKTeX 2.9\tex/latex/elsarticle\elsartic
le.cls
Document Class: elsarticle 2020/11/20, 3.3: Elsevier Ltd
(C:\Users\57316\AppData\Local\Programs\MiKTeX 2.9\tex/latex/l3kernel\expl3.sty
Package: expl3 2021-02-18 L3 programming layer (loader) 

(C:\Users\57316\AppData\Local\Programs\MiKTeX 2.9\tex/latex/l3backend\l3backend
-pdftex.def
File: l3backend-pdftex.def 2021-03-18 L3 backend support: PDF output (pdfTeX)
\l__color_backend_stack_int=\count179
\l__pdf_internal_box=\box47
))
(C:\Users\57316\AppData\Local\Programs\MiKTeX 2.9\tex/latex/l3packages/xparse\x
parse.sty
(C:\Users\57316\AppData\Local\Programs\MiKTeX 2.9\tex/latex/l3packages/xparse\x
parse-2020-10-01.sty
(C:\Users\57316\AppData\Local\Programs\MiKTeX 2.9\tex/latex/l3packages/xparse\x
parse-generic.tex)))
(C:\Users\57316\AppData\Local\Programs\MiKTeX 2.9\tex/latex/etoolbox\etoolbox.s
ty
Package: etoolbox 2020/10/05 v2.5k e-TeX tools for LaTeX (JAW)
\etb@tempcnta=\count180
)
\@bls=\dimen138

(C:\Users\57316\AppData\Local\Programs\MiKTeX 2.9\tex/latex/base\article.cls
Document Class: article 2020/04/10 v1.4m Standard LaTeX document class
(C:\Users\57316\AppData\Local\Programs\MiKTeX 2.9\tex/latex/base\size12.clo
File: size12.clo 2020/04/10 v1.4m Standard LaTeX file (size option)
)
\c@part=\count181
\c@section=\count182
\c@subsection=\count183
\c@subsubsection=\count184
\c@paragraph=\count185
\c@subparagraph=\count186
\c@figure=\count187
\c@table=\count188
\abovecaptionskip=\skip47
\belowcaptionskip=\skip48
\bibindent=\dimen139
)
(C:\Users\57316\AppData\Local\Programs\MiKTeX 2.9\tex/latex/graphics\graphicx.s
ty
Package: graphicx 2020/09/09 v1.2b Enhanced LaTeX Graphics (DPC,SPQR)

(C:\Users\57316\AppData\Local\Programs\MiKTeX 2.9\tex/latex/graphics\keyval.sty
Package: keyval 2014/10/28 v1.15 key=value parser (DPC)
\KV@toks@=\toks15
)
(C:\Users\57316\AppData\Local\Programs\MiKTeX 2.9\tex/latex/graphics\graphics.s
ty
Package: graphics 2020/08/30 v1.4c Standard LaTeX Graphics (DPC,SPQR)

(C:\Users\57316\AppData\Local\Programs\MiKTeX 2.9\tex/latex/graphics\trig.sty
Package: trig 2016/01/03 v1.10 sin cos tan (DPC)
)
(C:\Users\57316\AppData\Local\Programs\MiKTeX 2.9\tex/latex/graphics-cfg\graphi
cs.cfg
File: graphics.cfg 2016/06/04 v1.11 sample graphics configuration
)
Package graphics Info: Driver file: pdftex.def on input line 105.

(C:\Users\57316\AppData\Local\Programs\MiKTeX 2.9\tex/latex/graphics-def\pdftex
.def
File: pdftex.def 2020/10/05 v1.2a Graphics/color driver for pdftex
))
\Gin@req@height=\dimen140
\Gin@req@width=\dimen141
)
\c@tnote=\count189
\c@fnote=\count190
\c@cnote=\count191
\c@ead=\count192
\c@author=\count193
\@eadauthor=\toks16
\c@affn=\count194
\absbox=\box48
\elsarticlehighlightsbox=\box49
\elsarticlegrabsbox=\box50
\keybox=\box51
\Columnwidth=\dimen142
\space@left=\dimen143
\els@boxa=\box52
\els@boxb=\box53
\leftMargin=\dimen144
\@enLab=\toks17
\@sep=\skip49
\@@sep=\skip50
 (HFMDPCVRPTW.spl)
(C:\Users\57316\AppData\Local\Programs\MiKTeX 2.9\tex/latex/natbib\natbib.sty
Package: natbib 2010/09/13 8.31b (PWD, AO)
\bibhang=\skip51
\bibsep=\skip52
LaTeX Info: Redefining \cite on input line 694.
\c@NAT@ctr=\count195
)
\splwrite=\write3
\openout3 = `HFMDPCVRPTW.spl'.

\appnamewidth=\dimen145
)
(C:\Users\57316\AppData\Local\Programs\MiKTeX 2.9\tex/latex/amsfonts\amssymb.st
y
Package: amssymb 2013/01/14 v3.01 AMS font symbols

(C:\Users\57316\AppData\Local\Programs\MiKTeX 2.9\tex/latex/amsfonts\amsfonts.s
ty
Package: amsfonts 2013/01/14 v3.01 Basic AMSFonts support
\@emptytoks=\toks18
\symAMSa=\mathgroup4
\symAMSb=\mathgroup5
LaTeX Font Info:    Redeclaring math symbol \hbar on input line 98.
LaTeX Font Info:    Overwriting math alphabet `\mathfrak' in version `bold'
(Font)                  U/euf/m/n --> U/euf/b/n on input line 106.
))
(C:\Users\57316\AppData\Local\Programs\MiKTeX 2.9\tex/latex/amsmath\amsmath.sty
Package: amsmath 2020/09/23 v2.17i AMS math features
\@mathmargin=\skip53
For additional information on amsmath, use the `?' option.

(C:\Users\57316\AppData\Local\Programs\MiKTeX 2.9\tex/latex/amsmath\amstext.sty
Package: amstext 2000/06/29 v2.01 AMS text
(C:\Users\57316\AppData\Local\Programs\MiKTeX 2.9\tex/latex/amsmath\amsgen.sty
File: amsgen.sty 1999/11/30 v2.0 generic functions
\@emptytoks=\toks19
\ex@=\dimen146
))
(C:\Users\57316\AppData\Local\Programs\MiKTeX 2.9\tex/latex/amsmath\amsbsy.sty
Package: amsbsy 1999/11/29 v1.2d Bold Symbols
\pmbraise@=\dimen147
) (C:\Users\57316\AppData\Local\Programs\MiKTeX 2.9\tex/latex/amsmath\amsopn.st
y
Package: amsopn 2016/03/08 v2.02 operator names
)
\inf@bad=\count196
LaTeX Info: Redefining \frac on input line 234.
\uproot@=\count197
\leftroot@=\count198
LaTeX Info: Redefining \overline on input line 399.
\classnum@=\count199
\DOTSCASE@=\count266
LaTeX Info: Redefining \ldots on input line 496.
LaTeX Info: Redefining \dots on input line 499.
LaTeX Info: Redefining \cdots on input line 620.
\Mathstrutbox@=\box54
\strutbox@=\box55
\big@size=\dimen148
LaTeX Font Info:    Redeclaring font encoding OML on input line 743.
LaTeX Font Info:    Redeclaring font encoding OMS on input line 744.
\macc@depth=\count267
\c@MaxMatrixCols=\count268
\dotsspace@=\muskip16
\c@parentequation=\count269
\dspbrk@lvl=\count270
\tag@help=\toks20
\row@=\count271
\column@=\count272
\maxfields@=\count273
\andhelp@=\toks21
\eqnshift@=\dimen149
\alignsep@=\dimen150
\tagshift@=\dimen151
\tagwidth@=\dimen152
\totwidth@=\dimen153
\lineht@=\dimen154
\@envbody=\toks22
\multlinegap=\skip54
\multlinetaggap=\skip55
\mathdisplay@stack=\toks23
LaTeX Info: Redefining \[ on input line 2923.
LaTeX Info: Redefining \] on input line 2924.
)
(C:\Users\57316\AppData\Local\Programs\MiKTeX 2.9\tex/latex/base\inputenc.sty
Package: inputenc 2020/08/01 v1.3d Input encoding file
\inpenc@prehook=\toks24
\inpenc@posthook=\toks25
)
(C:\Users\57316\AppData\Local\Programs\MiKTeX 2.9\tex/latex/algorithm2e\algorit
hm2e.sty
Package: algorithm2e 2017/07/18 v5.2 algorithms environments
\c@AlgoLine=\count274

(C:\Users\57316\AppData\Local\Programs\MiKTeX 2.9\tex/latex/base\ifthen.sty
Package: ifthen 2014/09/29 v1.1c Standard LaTeX ifthen package (DPC)
)
\algocf@hangindent=\skip56

(C:\Users\57316\AppData\Local\Programs\MiKTeX 2.9\tex/latex/ifoddpage\ifoddpage
.sty
Package: ifoddpage 2016/04/23 v1.1 Conditionals for odd/even page detection
\c@checkoddpage=\count275
)
(C:\Users\57316\AppData\Local\Programs\MiKTeX 2.9\tex/latex/latex-tools\xspace.
sty
Package: xspace 2014/10/28 v1.13 Space after command names (DPC,MH)
)
(C:\Users\57316\AppData\Local\Programs\MiKTeX 2.9\tex/latex/relsize\relsize.sty
Package: relsize 2013/03/29 ver 4.1
)
\skiptotal=\skip57
\skiplinenumber=\skip58
\skiprule=\skip59
\skiphlne=\skip60
\skiptext=\skip61
\skiplength=\skip62
\algomargin=\skip63
\skipalgocfslide=\skip64
\algowidth=\dimen155
\inoutsize=\dimen156
\inoutindent=\dimen157
\interspacetitleruled=\dimen158
\interspacealgoruled=\dimen159
\interspacetitleboxruled=\dimen160
\algocf@ruledwidth=\skip65
\algocf@inoutbox=\box56
\algocf@inputbox=\box57
\AlCapSkip=\skip66
\AlCapHSkip=\skip67
\algoskipindent=\skip68
\algocf@nlbox=\box58
\algocf@hangingbox=\box59
\algocf@untilbox=\box60
\algocf@skipuntil=\skip69
\algocf@capbox=\box61
\algocf@lcaptionbox=\skip70
\algoheightruledefault=\skip71
\algoheightrule=\skip72
\algotitleheightruledefault=\skip73
\algotitleheightrule=\skip74
\c@algocfline=\count276
\c@algocfproc=\count277
\c@algocf=\count278
\algocf@algoframe=\box62
\algocf@algobox=\box63
)
(C:\Users\57316\AppData\Local\Programs\MiKTeX 2.9\tex/latex/algorithmicx\algori
thmicx.sty
Package: algorithmicx 2005/04/27 v1.2 Algorithmicx

Document Style algorithmicx 1.2 - a greatly improved `algorithmic' style
\c@ALG@line=\count279
\c@ALG@rem=\count280
\c@ALG@nested=\count281
\ALG@tlm=\skip75
\ALG@thistlm=\skip76
\c@ALG@Lnr=\count282
\c@ALG@blocknr=\count283
\c@ALG@storecount=\count284
\c@ALG@tmpcounter=\count285
\ALG@tmplength=\skip77
)
(C:\Users\57316\AppData\Local\Programs\MiKTeX 2.9\tex/latex/algorithmicx\algpse
udocode.sty
Package: algpseudocode 

Document Style - pseudocode environments for use with the `algorithmicx' style
)
(C:\Users\57316\AppData\Local\Programs\MiKTeX 2.9\tex/latex/multirow\multirow.s
ty
Package: multirow 2021/03/15 v2.8 Span multiple rows of a table
\multirow@colwidth=\skip78
\multirow@cntb=\count286
\multirow@dima=\skip79
\bigstrutjot=\dimen161
)
(C:\Users\57316\AppData\Local\Programs\MiKTeX 2.9\tex/latex/latex-tools\multico
l.sty
Package: multicol 2019/12/09 v1.8y multicolumn formatting (FMi)
\c@tracingmulticols=\count287
\mult@box=\box64
\multicol@leftmargin=\dimen162
\c@unbalance=\count288
\c@collectmore=\count289
\doublecol@number=\count290
\multicoltolerance=\count291
\multicolpretolerance=\count292
\full@width=\dimen163
\page@free=\dimen164
\premulticols=\dimen165
\postmulticols=\dimen166
\multicolsep=\skip80
\multicolbaselineskip=\skip81
\partial@page=\box65
\last@line=\box66
\maxbalancingoverflow=\dimen167
\mult@rightbox=\box67
\mult@grightbox=\box68
\mult@gfirstbox=\box69
\mult@firstbox=\box70
\@tempa=\box71
\@tempa=\box72
\@tempa=\box73
\@tempa=\box74
\@tempa=\box75
\@tempa=\box76
\@tempa=\box77
\@tempa=\box78
\@tempa=\box79
\@tempa=\box80
\@tempa=\box81
\@tempa=\box82
\@tempa=\box83
\@tempa=\box84
\@tempa=\box85
\@tempa=\box86
\@tempa=\box87
\@tempa=\box88
\@tempa=\box89
\@tempa=\box90
\@tempa=\box91
\@tempa=\box92
\@tempa=\box93
\@tempa=\box94
\@tempa=\box95
\@tempa=\box96
\@tempa=\box97
\@tempa=\box98
\@tempa=\box99
\@tempa=\box100
\@tempa=\box101
\@tempa=\box102
\@tempa=\box103
\@tempa=\box104
\@tempa=\box105
\@tempa=\box106
\@tempa=\box107
\c@minrows=\count293
\c@columnbadness=\count294
\c@finalcolumnbadness=\count295
\last@try=\dimen168
\multicolovershoot=\dimen169
\multicolundershoot=\dimen170
\mult@nat@firstbox=\box108
\colbreak@box=\box109
\mc@col@check@num=\count296
)
(C:\Users\57316\AppData\Local\Programs\MiKTeX 2.9\tex/latex/graphics\rotating.s
ty
Package: rotating 2016/08/11 v2.16d rotated objects in LaTeX
\c@r@tfl@t=\count297
\rotFPtop=\skip82
\rotFPbot=\skip83
\rot@float@box=\box110
\rot@mess@toks=\toks26
)
(C:\Users\57316\AppData\Local\Programs\MiKTeX 2.9\tex/latex/booktabs\booktabs.s
ty
Package: booktabs 2020/01/12 v1.61803398 Publication quality tables
\heavyrulewidth=\dimen171
\lightrulewidth=\dimen172
\cmidrulewidth=\dimen173
\belowrulesep=\dimen174
\belowbottomsep=\dimen175
\aboverulesep=\dimen176
\abovetopsep=\dimen177
\cmidrulesep=\dimen178
\cmidrulekern=\dimen179
\defaultaddspace=\dimen180
\@cmidla=\count298
\@cmidlb=\count299
\@aboverulesep=\dimen181
\@belowrulesep=\dimen182
\@thisruleclass=\count300
\@lastruleclass=\count301
\@thisrulewidth=\dimen183
)
\c@proposition=\count302
\c@lemma=\count303
\c@theorem=\count304
\c@example=\count305
\c@remark=\count306
\c@definition=\count307
\c@corollary=\count308

(C:\Users\57316\AppData\Local\Programs\MiKTeX 2.9\tex/latex/base\fixltx2e.sty
Package: fixltx2e 2016/12/29 v2.1a fixes to LaTeX (obsolete)
Applying: [2015/01/01] Old fixltx2e package on input line 46.


Package fixltx2e Warning: fixltx2e is not required with releases after 2015
(fixltx2e)                All fixes are now in the LaTeX kernel.
(fixltx2e)                See the latexrelease package for details.

Already applied: [0000/00/00] Old fixltx2e package on input line 53.
) (C:\Users\57316\AppData\Local\Programs\MiKTeX 2.9\tex/latex/float\float.sty
Package: float 2001/11/08 v1.3d Float enhancements (AL)
\c@float@type=\count309
\float@exts=\toks27
\float@box=\box111
\@float@everytoks=\toks28
\@floatcapt=\box112
)
(C:\Users\57316\AppData\Local\Programs\MiKTeX 2.9\tex/latex/adjustbox\adjustbox
.sty
Package: adjustbox 2020/08/19 v1.3 Adjusting TeX boxes (trim, clip, ...)

(C:\Users\57316\AppData\Local\Programs\MiKTeX 2.9\tex/latex/xkeyval\xkeyval.sty
Package: xkeyval 2020/11/20 v2.8 package option processing (HA)

(C:\Users\57316\AppData\Local\Programs\MiKTeX 2.9\tex/generic/xkeyval\xkeyval.t
ex
(C:\Users\57316\AppData\Local\Programs\MiKTeX 2.9\tex/generic/xkeyval\xkvutils.
tex
\XKV@toks=\toks29
\XKV@tempa@toks=\toks30
)
\XKV@depth=\count310
File: xkeyval.tex 2014/12/03 v2.7a key=value parser (HA)
))
(C:\Users\57316\AppData\Local\Programs\MiKTeX 2.9\tex/latex/adjustbox\adjcalc.s
ty
Package: adjcalc 2012/05/16 v1.1 Provides advanced setlength with multiple back
-ends (calc, etex, pgfmath)
)
(C:\Users\57316\AppData\Local\Programs\MiKTeX 2.9\tex/latex/adjustbox\trimclip.
sty
Package: trimclip 2020/08/19 v1.2 Trim and clip general TeX material

(C:\Users\57316\AppData\Local\Programs\MiKTeX 2.9\tex/latex/collectbox\collectb
ox.sty
Package: collectbox 2012/05/17 v0.4b Collect macro arguments as boxes
\collectedbox=\box113
)
\tc@llx=\dimen184
\tc@lly=\dimen185
\tc@urx=\dimen186
\tc@ury=\dimen187
Package trimclip Info: Using driver 'tc-pdftex.def'.

(C:\Users\57316\AppData\Local\Programs\MiKTeX 2.9\tex/latex/adjustbox\tc-pdftex
.def
File: tc-pdftex.def 2019/01/04 v2.2 Clipping driver for pdftex
))
\adjbox@Width=\dimen188
\adjbox@Height=\dimen189
\adjbox@Depth=\dimen190
\adjbox@Totalheight=\dimen191
\adjbox@pwidth=\dimen192
\adjbox@pheight=\dimen193
\adjbox@pdepth=\dimen194
\adjbox@ptotalheight=\dimen195

(C:\Users\57316\AppData\Local\Programs\MiKTeX 2.9\tex/latex/varwidth\varwidth.s
ty
Package: varwidth 2009/03/30 ver 0.92;  Variable-width minipages
\@vwid@box=\box114
\sift@deathcycles=\count311
\@vwid@loff=\dimen196
\@vwid@roff=\dimen197
))
(C:\Users\57316\AppData\Local\Programs\MiKTeX 2.9\tex/latex/xcolor\xcolor.sty
Package: xcolor 2016/05/11 v2.12 LaTeX color extensions (UK)

(C:\Users\57316\AppData\Local\Programs\MiKTeX 2.9\tex/latex/graphics-cfg\color.
cfg
File: color.cfg 2016/01/02 v1.6 sample color configuration
)
Package xcolor Info: Driver file: pdftex.def on input line 225.
Package xcolor Info: Model `cmy' substituted by `cmy0' on input line 1348.
Package xcolor Info: Model `hsb' substituted by `rgb' on input line 1352.
Package xcolor Info: Model `RGB' extended on input line 1364.
Package xcolor Info: Model `HTML' substituted by `rgb' on input line 1366.
Package xcolor Info: Model `Hsb' substituted by `hsb' on input line 1367.
Package xcolor Info: Model `tHsb' substituted by `hsb' on input line 1368.
Package xcolor Info: Model `HSB' substituted by `hsb' on input line 1369.
Package xcolor Info: Model `Gray' substituted by `gray' on input line 1370.
Package xcolor Info: Model `wave' substituted by `hsb' on input line 1371.
) (HFMDPCVRPTW.aux)
\openout1 = `HFMDPCVRPTW.aux'.

LaTeX Font Info:    Checking defaults for OML/cmm/m/it on input line 112.
LaTeX Font Info:    ... okay on input line 112.
LaTeX Font Info:    Checking defaults for OMS/cmsy/m/n on input line 112.
LaTeX Font Info:    ... okay on input line 112.
LaTeX Font Info:    Checking defaults for OT1/cmr/m/n on input line 112.
LaTeX Font Info:    ... okay on input line 112.
LaTeX Font Info:    Checking defaults for T1/cmr/m/n on input line 112.
LaTeX Font Info:    ... okay on input line 112.
LaTeX Font Info:    Checking defaults for TS1/cmr/m/n on input line 112.
LaTeX Font Info:    ... okay on input line 112.
LaTeX Font Info:    Checking defaults for OMX/cmex/m/n on input line 112.
LaTeX Font Info:    ... okay on input line 112.
LaTeX Font Info:    Checking defaults for U/cmr/m/n on input line 112.
LaTeX Font Info:    ... okay on input line 112.

(C:\Users\57316\AppData\Local\Programs\MiKTeX 2.9\tex/context/base/mkii\supp-pd
f.mkii
[Loading MPS to PDF converter (version 2006.09.02).]
\scratchcounter=\count312
\scratchdimen=\dimen198
\scratchbox=\box115
\nofMPsegments=\count313
\nofMParguments=\count314
\everyMPshowfont=\toks31
\MPscratchCnt=\count315
\MPscratchDim=\dimen199
\MPnumerator=\count316
\makeMPintoPDFobject=\count317
\everyMPtoPDFconversion=\toks32
)
(C:\Users\57316\AppData\Local\Programs\MiKTeX 2.9\tex/latex/epstopdf-pkg\epstop
df-base.sty
Package: epstopdf-base 2020-01-24 v2.11 Base part for package epstopdf
Package epstopdf-base Info: Redefining graphics rule for `.eps' on input line 4
85.

(C:\Users\57316\AppData\Local\Programs\MiKTeX 2.9\tex/latex/00miktex\epstopdf-s
ys.cfg
File: epstopdf-sys.cfg 2021/03/18 v2.0 Configuration of epstopdf for MiKTeX
))
LaTeX Font Info:    Trying to load font information for U+msa on input line 114
.

(C:\Users\57316\AppData\Local\Programs\MiKTeX 2.9\tex/latex/amsfonts\umsa.fd
File: umsa.fd 2013/01/14 v3.01 AMS symbols A
)
LaTeX Font Info:    Trying to load font information for U+msb on input line 114
.

(C:\Users\57316\AppData\Local\Programs\MiKTeX 2.9\tex/latex/amsfonts\umsb.fd
File: umsb.fd 2013/01/14 v3.01 AMS symbols B
)
[1

{C:/Users/57316/AppData/Local/MiKTeX/2.9/pdftex/config/pdftex.map}] [2]
Overfull \hbox (31.02965pt too wide) detected at line 199
[]
 []

[3] [4] (HFMDPCVRPTW.aux) ) 
Here is how much of TeX's memory you used:
 6830 strings out of 479321
 100639 string characters out of 2854639
 424123 words of memory out of 3000000
 24185 multiletter control sequences out of 15000+600000
 409066 words of font info for 48 fonts, out of 8000000 for 9000
 1141 hyphenation exceptions out of 8191
 83i,10n,88p,1202b,180s stack positions out of 5000i,500n,10000p,200000b,80000s
 <C:\Users\57316\AppData\Local\MiKTeX\2.9\fonts/pk/l
jfour/jknappen/ec/dpi600\tcrm1200.pk><C:/Users/57316/AppData/Local/Programs/MiK
TeX 2.9/fonts/type1/public/amsfonts/cm/cmbx12.pfb><C:/Users/57316/AppData/Local
/Programs/MiKTeX 2.9/fonts/type1/public/amsfonts/cm/cmex10.pfb><C:/Users/57316/
AppData/Local/Programs/MiKTeX 2.9/fonts/type1/public/amsfonts/cm/cmmi12.pfb><C:
/Users/57316/AppData/Local/Programs/MiKTeX 2.9/fonts/type1/public/amsfonts/cm/c
mmi8.pfb><C:/Users/57316/AppData/Local/Programs/MiKTeX 2.9/fonts/type1/public/a
msfonts/cm/cmr12.pfb><C:/Users/57316/AppData/Local/Programs/MiKTeX 2.9/fonts/ty
pe1/public/amsfonts/cm/cmr8.pfb><C:/Users/57316/AppData/Local/Programs/MiKTeX 2
.9/fonts/type1/public/amsfonts/cm/cmsy10.pfb><C:/Users/57316/AppData/Local/Prog
rams/MiKTeX 2.9/fonts/type1/public/amsfonts/cm/cmsy8.pfb><C:/Users/57316/AppDat
a/Local/Programs/MiKTeX 2.9/fonts/type1/public/amsfonts/cm/cmti12.pfb>
Output written on HFMDPCVRPTW.pdf (4 pages, 112389 bytes).
PDF statistics:
 56 PDF objects out of 1000 (max. 8388607)
 0 named destinations out of 1000 (max. 500000)
 1 words of extra memory for PDF output out of 10000 (max. 10000000)

